<?xml version="1.0" encoding="UTF-8"?>
<!-- Generated by org.testng.reporters.JUnitReportReporter -->
<testsuite hostname="IN-NADIRI" name="testngFiles.SaucelabTest" tests="1" failures="0" timestamp="27 Aug 2015 18:34:16 GMT" time="22.567" errors="0">
  <testcase name="setup" time="22.567" classname="testngFiles.SaucelabTest"/>
</testsuite> <!-- testngFiles.SaucelabTest -->
